#
# There is insufficient memory for the Java Runtime Environment to continue.
# Native memory allocation (malloc) failed to allocate 1266576 bytes. Error detail: Chunk::new
# Possible reasons:
#   The system is out of physical RAM or swap space
#   This process is running with CompressedOops enabled, and the Java Heap may be blocking the growth of the native heap
# Possible solutions:
#   Reduce memory load on the system
#   Increase physical memory or swap space
#   Check if swap backing store is full
#   Decrease Java heap size (-Xmx/-Xms)
#   Decrease number of Java threads
#   Decrease Java thread stack sizes (-Xss)
#   Set larger code cache with -XX:ReservedCodeCacheSize=
#   JVM is running with Unscaled Compressed Oops mode in which the Java heap is
#     placed in the first 4GB address space. The Java Heap base address is the
#     maximum limit for the native heap growth. Please use -XX:HeapBaseMinAddress
#     to set the Java Heap base and to place the Java Heap above 4GB virtual address.
# This output file may be truncated or incomplete.
#
#  Out of Memory Error (arena.cpp:191), pid=26056, tid=25976
#
# JRE version: OpenJDK Runtime Environment Temurin-17.0.12+7 (17.0.12+7) (build 17.0.12+7)
# Java VM: OpenJDK 64-Bit Server VM Temurin-17.0.12+7 (17.0.12+7, mixed mode, tiered, compressed oops, compressed class ptrs, parallel gc, windows-amd64)
# No core dump will be written. Minidumps are not enabled by default on client versions of Windows
#

---------------  S U M M A R Y ------------

Command Line: --add-modules=ALL-SYSTEM --add-opens=java.base/java.util=ALL-UNNAMED --add-opens=java.base/java.lang=ALL-UNNAMED --add-opens=java.base/sun.nio.fs=ALL-UNNAMED -Declipse.application=org.eclipse.jdt.ls.core.id1 -Dosgi.bundles.defaultStartLevel=4 -Declipse.product=org.eclipse.jdt.ls.core.product -Djava.import.generatesMetadataFilesAtProjectRoot=false -DDetectVMInstallationsJob.disabled=true -Dfile.encoding=utf8 -XX:+UseParallelGC -XX:GCTimeRatio=4 -XX:AdaptiveSizePolicyWeight=90 -Dsun.zip.disableMemoryMapping=true -Xmx1G -Xms100m -Xlog:disable -javaagent:c:\Users\Varun\.vscode\extensions\redhat.java-1.35.1-win32-x64\lombok\lombok-1.18.33.jar -XX:+HeapDumpOnOutOfMemoryError -XX:HeapDumpPath=c:\Users\Varun\AppData\Roaming\Code\User\workspaceStorage\566dd8550a7d944b28b70b108ab205cf\redhat.java -Daether.dependencyCollector.impl=bf c:\Users\Varun\.vscode\extensions\redhat.java-1.35.1-win32-x64\server\plugins\org.eclipse.equinox.launcher_1.6.900.v20240613-2009.jar -configuration c:\Users\Varun\AppData\Roaming\Code\User\globalStorage\redhat.java\1.35.1\config_win -data c:\Users\Varun\AppData\Roaming\Code\User\workspaceStorage\566dd8550a7d944b28b70b108ab205cf\redhat.java\jdt_ws --pipe=\\.\pipe\lsp-bf0541a354803d5712ba0e169675a4fb-sock

Host: AMD Ryzen 7 5800H with Radeon Graphics         , 16 cores, 15G,  Windows 11 , 64 bit Build 22621 (10.0.22621.3958)
Time: Fri Oct 25 12:43:49 2024 India Standard Time elapsed time: 7.795969 seconds (0d 0h 0m 7s)

---------------  T H R E A D  ---------------

Current thread (0x0000025ebbeaf3b0):  JavaThread "C2 CompilerThread1" daemon [_thread_in_native, id=25976, stack(0x0000008917f00000,0x0000008918000000)]


Current CompileTask:
C2:   7796 8896 % !   4       org.eclipse.jdt.internal.compiler.classfmt.ClassFileReader::<init> @ 786 (2151 bytes)

Stack: [0x0000008917f00000,0x0000008918000000]
Native frames: (J=compiled Java code, j=interpreted, Vv=VM code, C=native code)
V  [jvm.dll+0x67f929]
V  [jvm.dll+0x8371ba]
V  [jvm.dll+0x838c7e]
V  [jvm.dll+0x8392e3]
V  [jvm.dll+0x24834f]
V  [jvm.dll+0xac9d4]
V  [jvm.dll+0xad01c]
V  [jvm.dll+0x2af96f]
V  [jvm.dll+0x5868d7]
V  [jvm.dll+0x2231c2]
V  [jvm.dll+0x2235bf]
V  [jvm.dll+0x21c6e0]
V  [jvm.dll+0x219be1]
V  [jvm.dll+0x1a58bd]
V  [jvm.dll+0x229a2d]
V  [jvm.dll+0x227bdc]
V  [jvm.dll+0x7ec1f7]
V  [jvm.dll+0x7e65dc]
V  [jvm.dll+0x67e7f7]
C  [ucrtbase.dll+0x29333]
C  [KERNEL32.DLL+0x1257d]
C  [ntdll.dll+0x5af08]


---------------  P R O C E S S  ---------------

Threads class SMR info:
_java_thread_list=0x0000025ebe10adf0, length=73, elements={
0x0000025ea0cfe570, 0x0000025ea0dae870, 0x0000025eb6ad4e40, 0x0000025eb6addf70,
0x0000025eb6ade840, 0x0000025ebbccb300, 0x0000025ebbccdce0, 0x0000025ebbcd19b0,
0x0000025ebbcd5e80, 0x0000025ebbcdef60, 0x0000025ea0d60ff0, 0x0000025ebbe547a0,
0x0000025ebbeaf3b0, 0x0000025ebbf9faa0, 0x0000025ebbf9ffc0, 0x0000025ebde8cb00,
0x0000025ebbd9f060, 0x0000025ebbda18e0, 0x0000025ebbd9ff90, 0x0000025ebbd9f570,
0x0000025ebbda2300, 0x0000025ebbda09b0, 0x0000025ebbda04a0, 0x0000025ebbda13d0,
0x0000025ebf2dc230, 0x0000025ebf2db300, 0x0000025ebf0f5020, 0x0000025ebf436dd0,
0x0000025ebf2db810, 0x0000025ebf2dcc50, 0x0000025ebf2da8e0, 0x0000025ebf2d8570,
0x0000025ebf2dadf0, 0x0000025ebf2dc740, 0x0000025ebf2dbd20, 0x0000025ebf2dd160,
0x0000025ebf2dd670, 0x0000025ebf2ddb80, 0x0000025ebf2de5a0, 0x0000025ebf2de090,
0x0000025ebf2deab0, 0x0000025ebf2defc0, 0x0000025ebf2df4d0, 0x0000025ebf2d8060,
0x0000025ebf2d8a80, 0x0000025ebf2df9e0, 0x0000025ebf2d8f90, 0x0000025ebf2d99b0,
0x0000025ebf2d9ec0, 0x0000025ec18ab880, 0x0000025ec08a1110, 0x0000025ec05cf3c0,
0x0000025ec2354110, 0x0000025ec23531e0, 0x0000025ec32eceb0, 0x0000025ec2359720,
0x0000025ec23573b0, 0x0000025ec2356480, 0x0000025ec2355a60, 0x0000025ec23578c0,
0x0000025ec2354b30, 0x0000025ec23536f0, 0x0000025ec2356990, 0x0000025ec2356ea0,
0x0000025ec2355f70, 0x0000025ec2357dd0, 0x0000025ec23582e0, 0x0000025ec23522b0,
0x0000025ec23587f0, 0x0000025ec2358d00, 0x0000025ec2359210, 0x0000025ec2353c00,
0x0000025ec2359c30
}

Java Threads: ( => current thread )
  0x0000025ea0cfe570 JavaThread "main" [_thread_blocked, id=11740, stack(0x0000008917100000,0x0000008917200000)]
  0x0000025ea0dae870 JavaThread "Reference Handler" daemon [_thread_blocked, id=18552, stack(0x0000008917400000,0x0000008917500000)]
  0x0000025eb6ad4e40 JavaThread "Finalizer" daemon [_thread_blocked, id=264, stack(0x0000008917500000,0x0000008917600000)]
  0x0000025eb6addf70 JavaThread "Signal Dispatcher" daemon [_thread_blocked, id=22108, stack(0x0000008917600000,0x0000008917700000)]
  0x0000025eb6ade840 JavaThread "Attach Listener" daemon [_thread_blocked, id=34900, stack(0x0000008917700000,0x0000008917800000)]
  0x0000025ebbccb300 JavaThread "Service Thread" daemon [_thread_blocked, id=12472, stack(0x0000008917800000,0x0000008917900000)]
  0x0000025ebbccdce0 JavaThread "Monitor Deflation Thread" daemon [_thread_blocked, id=32892, stack(0x0000008917900000,0x0000008917a00000)]
  0x0000025ebbcd19b0 JavaThread "C2 CompilerThread0" daemon [_thread_in_native, id=33464, stack(0x0000008917a00000,0x0000008917b00000)]
  0x0000025ebbcd5e80 JavaThread "C1 CompilerThread0" daemon [_thread_blocked, id=26708, stack(0x0000008917b00000,0x0000008917c00000)]
  0x0000025ebbcdef60 JavaThread "Sweeper thread" daemon [_thread_blocked, id=24224, stack(0x0000008917c00000,0x0000008917d00000)]
  0x0000025ea0d60ff0 JavaThread "Common-Cleaner" daemon [_thread_blocked, id=20476, stack(0x0000008917d00000,0x0000008917e00000)]
  0x0000025ebbe547a0 JavaThread "C1 CompilerThread1" daemon [_thread_blocked, id=12632, stack(0x0000008917e00000,0x0000008917f00000)]
=>0x0000025ebbeaf3b0 JavaThread "C2 CompilerThread1" daemon [_thread_in_native, id=25976, stack(0x0000008917f00000,0x0000008918000000)]
  0x0000025ebbf9faa0 JavaThread "C1 CompilerThread2" daemon [_thread_blocked, id=19160, stack(0x0000008918100000,0x0000008918200000)]
  0x0000025ebbf9ffc0 JavaThread "C1 CompilerThread3" daemon [_thread_blocked, id=22084, stack(0x0000008918200000,0x0000008918300000)]
  0x0000025ebde8cb00 JavaThread "Notification Thread" daemon [_thread_blocked, id=27828, stack(0x0000008918300000,0x0000008918400000)]
  0x0000025ebbd9f060 JavaThread "Active Thread: Equinox Container: 479bd2f4-2955-4692-8026-8098985bbbcd" [_thread_blocked, id=29608, stack(0x0000008918c00000,0x0000008918d00000)]
  0x0000025ebbda18e0 JavaThread "Framework Event Dispatcher: Equinox Container: 479bd2f4-2955-4692-8026-8098985bbbcd" daemon [_thread_blocked, id=23280, stack(0x0000008918d00000,0x0000008918e00000)]
  0x0000025ebbd9ff90 JavaThread "Start Level: Equinox Container: 479bd2f4-2955-4692-8026-8098985bbbcd" daemon [_thread_blocked, id=35480, stack(0x0000008918e00000,0x0000008918f00000)]
  0x0000025ebbd9f570 JavaThread "Bundle File Closer" daemon [_thread_blocked, id=28048, stack(0x0000008919100000,0x0000008919200000)]
  0x0000025ebbda2300 JavaThread "SCR Component Actor" daemon [_thread_blocked, id=25432, stack(0x0000008919300000,0x0000008919400000)]
  0x0000025ebbda09b0 JavaThread "SCR Component Registry" daemon [_thread_blocked, id=28800, stack(0x0000008919400000,0x0000008919500000)]
  0x0000025ebbda04a0 JavaThread "Worker-JM" [_thread_blocked, id=26104, stack(0x0000008919700000,0x0000008919800000)]
  0x0000025ebbda13d0 JavaThread "JNA Cleaner" daemon [_thread_blocked, id=26004, stack(0x0000008918000000,0x0000008918100000)]
  0x0000025ebf2dc230 JavaThread "Worker-0" [_thread_blocked, id=35428, stack(0x0000008918a00000,0x0000008918b00000)]
  0x0000025ebf2db300 JavaThread "Worker-1: Initialize workspace" [_thread_blocked, id=26064, stack(0x0000008918b00000,0x0000008918c00000)]
  0x0000025ebf0f5020 JavaThread "C2 CompilerThread2" daemon [_thread_in_native, id=25984, stack(0x0000008919a00000,0x0000008919b00000)]
  0x0000025ebf436dd0 JavaThread "C2 CompilerThread3" daemon [_thread_in_native, id=25824, stack(0x0000008919b00000,0x0000008919c00000)]
  0x0000025ebf2db810 JavaThread "Java indexing" daemon [_thread_in_Java, id=25916, stack(0x0000008919c00000,0x0000008919d00000)]
  0x0000025ebf2dcc50 JavaThread "Thread-2" daemon [_thread_in_native, id=25532, stack(0x0000008919d00000,0x0000008919e00000)]
  0x0000025ebf2da8e0 JavaThread "Thread-3" daemon [_thread_in_native, id=32440, stack(0x0000008919e00000,0x0000008919f00000)]
  0x0000025ebf2d8570 JavaThread "Thread-4" daemon [_thread_in_native, id=25864, stack(0x0000008919f00000,0x000000891a000000)]
  0x0000025ebf2dadf0 JavaThread "Thread-5" daemon [_thread_in_native, id=24592, stack(0x000000891a000000,0x000000891a100000)]
  0x0000025ebf2dc740 JavaThread "Thread-6" daemon [_thread_in_native, id=25636, stack(0x000000891a100000,0x000000891a200000)]
  0x0000025ebf2dbd20 JavaThread "Thread-7" daemon [_thread_in_native, id=29328, stack(0x000000891a200000,0x000000891a300000)]
  0x0000025ebf2dd160 JavaThread "Thread-8" daemon [_thread_in_native, id=26496, stack(0x000000891a300000,0x000000891a400000)]
  0x0000025ebf2dd670 JavaThread "Thread-9" daemon [_thread_in_native, id=11716, stack(0x000000891a400000,0x000000891a500000)]
  0x0000025ebf2ddb80 JavaThread "Thread-10" daemon [_thread_in_native, id=25800, stack(0x000000891a500000,0x000000891a600000)]
  0x0000025ebf2de5a0 JavaThread "Thread-11" daemon [_thread_in_native, id=21860, stack(0x000000891a600000,0x000000891a700000)]
  0x0000025ebf2de090 JavaThread "Thread-12" daemon [_thread_in_native, id=13040, stack(0x000000891a700000,0x000000891a800000)]
  0x0000025ebf2deab0 JavaThread "Thread-13" daemon [_thread_in_native, id=27548, stack(0x000000891a800000,0x000000891a900000)]
  0x0000025ebf2defc0 JavaThread "Thread-14" daemon [_thread_in_native, id=27532, stack(0x000000891a900000,0x000000891aa00000)]
  0x0000025ebf2df4d0 JavaThread "Thread-15" daemon [_thread_in_native, id=25820, stack(0x000000891aa00000,0x000000891ab00000)]
  0x0000025ebf2d8060 JavaThread "Thread-16" daemon [_thread_in_native, id=27456, stack(0x000000891ab00000,0x000000891ac00000)]
  0x0000025ebf2d8a80 JavaThread "Thread-17" daemon [_thread_in_native, id=28768, stack(0x000000891ac00000,0x000000891ad00000)]
  0x0000025ebf2df9e0 JavaThread "Thread-18" daemon [_thread_in_native, id=27468, stack(0x000000891ad00000,0x000000891ae00000)]
  0x0000025ebf2d8f90 JavaThread "pool-2-thread-1" [_thread_blocked, id=22112, stack(0x000000891ae00000,0x000000891af00000)]
  0x0000025ebf2d99b0 JavaThread "WorkspaceEventsHandler" [_thread_blocked, id=25792, stack(0x000000891af00000,0x000000891b000000)]
  0x0000025ebf2d9ec0 JavaThread "pool-1-thread-1" [_thread_blocked, id=25808, stack(0x000000891b000000,0x000000891b100000)]
  0x0000025ec18ab880 JavaThread "C2 CompilerThread4" daemon [_thread_in_native, id=25832, stack(0x000000891b100000,0x000000891b200000)]
  0x0000025ec08a1110 JavaThread "C2 CompilerThread5" daemon [_thread_in_native, id=25844, stack(0x000000891b200000,0x000000891b300000)]
  0x0000025ec05cf3c0 JavaThread "C2 CompilerThread6" daemon [_thread_in_native, id=25784, stack(0x000000891b300000,0x000000891b400000)]
  0x0000025ec2354110 JavaThread "Worker-2" [_thread_blocked, id=32008, stack(0x000000891b400000,0x000000891b500000)]
  0x0000025ec23531e0 JavaThread "Worker-3: Java indexing... " [_thread_blocked, id=25788, stack(0x000000891b500000,0x000000891b600000)]
  0x0000025ec32eceb0 JavaThread "C2 CompilerThread7" daemon [_thread_in_native, id=18128, stack(0x000000891b600000,0x000000891b700000)]
  0x0000025ec2359720 JavaThread "Worker-4: Classpath Update Job" [_thread_in_native, id=36680, stack(0x000000891b700000,0x000000891b800000)]
  0x0000025ec23573b0 JavaThread "Worker-5" [_thread_blocked, id=28892, stack(0x000000891b800000,0x000000891b900000)]
  0x0000025ec2356480 JavaThread "ForkJoinPool.commonPool-worker-1" daemon [_thread_blocked, id=26032, stack(0x000000891b900000,0x000000891ba00000)]
  0x0000025ec2355a60 JavaThread "ForkJoinPool.commonPool-worker-2" daemon [_thread_blocked, id=25912, stack(0x000000891ba00000,0x000000891bb00000)]
  0x0000025ec23578c0 JavaThread "ForkJoinPool.commonPool-worker-3" daemon [_thread_blocked, id=25812, stack(0x000000891bb00000,0x000000891bc00000)]
  0x0000025ec2354b30 JavaThread "ForkJoinPool.commonPool-worker-4" daemon [_thread_blocked, id=25816, stack(0x000000891bc00000,0x000000891bd00000)]
  0x0000025ec23536f0 JavaThread "ForkJoinPool.commonPool-worker-5" daemon [_thread_blocked, id=25804, stack(0x000000891bd00000,0x000000891be00000)]
  0x0000025ec2356990 JavaThread "ForkJoinPool.commonPool-worker-6" daemon [_thread_blocked, id=25940, stack(0x000000891be00000,0x000000891bf00000)]
  0x0000025ec2356ea0 JavaThread "ForkJoinPool.commonPool-worker-7" daemon [_thread_blocked, id=29716, stack(0x000000891bf00000,0x000000891c000000)]
  0x0000025ec2355f70 JavaThread "ForkJoinPool.commonPool-worker-8" daemon [_thread_blocked, id=22428, stack(0x000000891c000000,0x000000891c100000)]
  0x0000025ec2357dd0 JavaThread "ForkJoinPool.commonPool-worker-9" daemon [_thread_blocked, id=11296, stack(0x000000891c100000,0x000000891c200000)]
  0x0000025ec23582e0 JavaThread "ForkJoinPool.commonPool-worker-10" daemon [_thread_blocked, id=4260, stack(0x000000891c200000,0x000000891c300000)]
  0x0000025ec23522b0 JavaThread "ForkJoinPool.commonPool-worker-11" daemon [_thread_blocked, id=22728, stack(0x000000891c300000,0x000000891c400000)]
  0x0000025ec23587f0 JavaThread "ForkJoinPool.commonPool-worker-12" daemon [_thread_blocked, id=31712, stack(0x000000891c400000,0x000000891c500000)]
  0x0000025ec2358d00 JavaThread "ForkJoinPool.commonPool-worker-13" daemon [_thread_blocked, id=31564, stack(0x000000891c500000,0x000000891c600000)]
  0x0000025ec2359210 JavaThread "ForkJoinPool.commonPool-worker-14" daemon [_thread_blocked, id=4600, stack(0x000000891c600000,0x000000891c700000)]
  0x0000025ec2353c00 JavaThread "ForkJoinPool.commonPool-worker-15" daemon [_thread_blocked, id=36768, stack(0x000000891c700000,0x000000891c800000)]
  0x0000025ec2359c30 JavaThread "Thread-19" daemon [_thread_in_native, id=23836, stack(0x000000891c800000,0x000000891c900000)]

Other Threads:
  0x0000025ea0dadaa0 VMThread "VM Thread" [stack: 0x0000008917300000,0x0000008917400000] [id=2368]
  0x0000025ebde8aae0 WatcherThread [stack: 0x0000008918400000,0x0000008918500000] [id=31420]
  0x0000025ea0d13970 GCTaskThread "GC Thread#0" [stack: 0x0000008917200000,0x0000008917300000] [id=30628]
  0x0000025ebe44d6c0 GCTaskThread "GC Thread#1" [stack: 0x0000008918500000,0x0000008918600000] [id=25604]
  0x0000025ebdfc56f0 GCTaskThread "GC Thread#2" [stack: 0x0000008918600000,0x0000008918700000] [id=28700]
  0x0000025ebe53c8a0 GCTaskThread "GC Thread#3" [stack: 0x0000008918700000,0x0000008918800000] [id=24220]
  0x0000025ebe46b430 GCTaskThread "GC Thread#4" [stack: 0x0000008918800000,0x0000008918900000] [id=22240]
  0x0000025ebe46c110 GCTaskThread "GC Thread#5" [stack: 0x0000008918900000,0x0000008918a00000] [id=30268]
  0x0000025ebee92cd0 GCTaskThread "GC Thread#6" [stack: 0x0000008918f00000,0x0000008919000000] [id=28468]
  0x0000025ea0bce6f0 GCTaskThread "GC Thread#7" [stack: 0x0000008919000000,0x0000008919100000] [id=26096]
  0x0000025ebefdfd20 GCTaskThread "GC Thread#8" [stack: 0x0000008919200000,0x0000008919300000] [id=34332]
  0x0000025ebf1c8ce0 GCTaskThread "GC Thread#9" [stack: 0x0000008919500000,0x0000008919600000] [id=34100]
  0x0000025ebf077750 GCTaskThread "GC Thread#10" [stack: 0x0000008919600000,0x0000008919700000] [id=29612]
  0x0000025ebedb0a50 GCTaskThread "GC Thread#11" [stack: 0x0000008919800000,0x0000008919900000] [id=6388]
  0x0000025ebf2eb060 GCTaskThread "GC Thread#12" [stack: 0x0000008919900000,0x0000008919a00000] [id=25980]

Threads with active compile tasks:
C2 CompilerThread0     7821 9090   !   4       java.nio.ByteBuffer::getArray (121 bytes)
C2 CompilerThread1     7821 8896 % !   4       org.eclipse.jdt.internal.compiler.classfmt.ClassFileReader::<init> @ 786 (2151 bytes)
C2 CompilerThread2     7821 9086       4       org.eclipse.jdt.internal.core.search.indexing.BinaryIndexer::extractReferenceFromConstantPool (358 bytes)
C2 CompilerThread3     7821 8990       4       org.eclipse.jdt.internal.core.search.matching.ConstructorPattern::createDeclarationIndexKey (583 bytes)
C2 CompilerThread4     7821 8965       4       org.eclipse.jdt.internal.compiler.util.SoftClassCache$ClassBytes::getBytes (65 bytes)
C2 CompilerThread5     7821 8966   !   4       java.nio.file.Files::readAllBytes (127 bytes)
C2 CompilerThread6     7821 9071       4       java.net.URI$Parser::parseHierarchical (178 bytes)
C2 CompilerThread7     7821 8581   !   4       org.eclipse.jdt.internal.core.search.indexing.BinaryIndexer::indexDocument (1157 bytes)

VM state: not at safepoint (normal execution)

VM Mutex/Monitor currently owned by a thread: None

Heap address: 0x00000000c0000000, size: 1024 MB, Compressed Oops mode: 32-bit

CDS archive(s) not mapped
Compressed class space mapped at: 0x0000000100000000-0x0000000140000000, reserved size: 1073741824
Narrow klass base: 0x0000000000000000, Narrow klass shift: 3, Narrow klass range: 0x140000000

GC Precious Log:
 CPUs: 16 total, 16 available
 Memory: 15791M
 Large Page Support: Disabled
 NUMA Support: Disabled
 Compressed Oops: Enabled (32-bit)
 Alignments: Space 512K, Generation 512K, Heap 2M
 Heap Min Capacity: 100M
 Heap Initial Capacity: 100M
 Heap Max Capacity: 1G
 Pre-touch: Disabled
 Parallel Workers: 13

Heap:
 PSYoungGen      total 11264K, used 5232K [0x00000000eab00000, 0x00000000eba80000, 0x0000000100000000)
  eden space 9216K, 34% used [0x00000000eab00000,0x00000000eae1d508,0x00000000eb400000)
  from space 2048K, 99% used [0x00000000eb880000,0x00000000eba7eb50,0x00000000eba80000)
  to   space 3072K, 0% used [0x00000000eb480000,0x00000000eb480000,0x00000000eb780000)
 ParOldGen       total 116736K, used 99076K [0x00000000c0000000, 0x00000000c7200000, 0x00000000eab00000)
  object space 116736K, 84% used [0x00000000c0000000,0x00000000c60c12a0,0x00000000c7200000)
 Metaspace       used 64349K, committed 65600K, reserved 1114112K
  class space    used 6880K, committed 7424K, reserved 1048576K

Card table byte_map: [0x0000025eb4350000,0x0000025eb4560000] _byte_map_base: 0x0000025eb3d50000

Marking Bits: (ParMarkBitMap*) 0x00007fff445358b0
 Begin Bits: [0x0000025eb46c0000, 0x0000025eb56c0000)
 End Bits:   [0x0000025eb56c0000, 0x0000025eb66c0000)

Polling page: 0x0000025ea0db0000

Metaspace:

Usage:
  Non-class:     56.12 MB used.
      Class:      6.72 MB used.
       Both:     62.84 MB used.

Virtual space:
  Non-class space:       64.00 MB reserved,      56.81 MB ( 89%) committed,  1 nodes.
      Class space:        1.00 GB reserved,       7.25 MB ( <1%) committed,  1 nodes.
             Both:        1.06 GB reserved,      64.06 MB (  6%) committed. 

Chunk freelists:
   Non-Class:  6.31 MB
       Class:  8.58 MB
        Both:  14.89 MB

MaxMetaspaceSize: unlimited
CompressedClassSpaceSize: 1.00 GB
Initial GC threshold: 21.00 MB
Current GC threshold: 105.31 MB
CDS: off
MetaspaceReclaimPolicy: balanced
 - commit_granule_bytes: 65536.
 - commit_granule_words: 8192.
 - virtual_space_node_default_size: 8388608.
 - enlarge_chunks_in_place: 1.
 - new_chunks_are_fully_committed: 0.
 - uncommit_free_chunks: 1.
 - use_allocation_guard: 0.
 - handle_deallocations: 1.


Internal statistics:

num_allocs_failed_limit: 9.
num_arena_births: 826.
num_arena_deaths: 22.
num_vsnodes_births: 2.
num_vsnodes_deaths: 0.
num_space_committed: 1025.
num_space_uncommitted: 0.
num_chunks_returned_to_freelist: 35.
num_chunks_taken_from_freelist: 3436.
num_chunk_merges: 11.
num_chunk_splits: 2110.
num_chunks_enlarged: 1244.
num_inconsistent_stats: 0.

CodeHeap 'non-profiled nmethods': size=119168Kb used=4950Kb max_used=5068Kb free=114218Kb
 bounds [0x0000025eacd10000, 0x0000025ead210000, 0x0000025eb4170000]
CodeHeap 'profiled nmethods': size=119104Kb used=16362Kb max_used=16870Kb free=102741Kb
 bounds [0x0000025ea5170000, 0x0000025ea6230000, 0x0000025eac5c0000]
CodeHeap 'non-nmethods': size=7488Kb used=3039Kb max_used=3115Kb free=4448Kb
 bounds [0x0000025eac5c0000, 0x0000025eac8e0000, 0x0000025eacd10000]
 total_blobs=8364 nmethods=7673 adapters=600
 compilation: enabled
              stopped_count=0, restarted_count=0
 full_count=0

Compilation events (20 events):
Event: 7.789 Thread 0x0000025ebbe547a0 9075       3       java.security.Provider$UString::hashCode (8 bytes)
Event: 7.789 Thread 0x0000025ebf0f5020 nmethod 8991 0x0000025ead046a10 code [0x0000025ead046b80, 0x0000025ead046c18]
Event: 7.789 Thread 0x0000025ebbcd5e80 9077       1       sun.security.util.KnownOIDs::aliases (5 bytes)
Event: 7.789 Thread 0x0000025ebbe547a0 nmethod 9075 0x0000025ea6093f10 code [0x0000025ea60940c0, 0x0000025ea6094208]
Event: 7.789 Thread 0x0000025ebf0f5020 9076       4       java.util.concurrent.ConcurrentHashMap::put (8 bytes)
Event: 7.789 Thread 0x0000025ebbe547a0 9080   !   3       java.security.Provider::putService (256 bytes)
Event: 7.789 Thread 0x0000025ebbcd5e80 nmethod 9077 0x0000025ead046710 code [0x0000025ead0468a0, 0x0000025ead046978]
Event: 7.789 Thread 0x0000025ebbf9faa0 9083       3       java.security.Provider::putPropertyStrings (213 bytes)
Event: 7.789 Thread 0x0000025ebbcd5e80 9078       3       java.security.Provider$Service::<init> (200 bytes)
Event: 7.790 Thread 0x0000025ebbf9ffc0 nmethod 9074 0x0000025ea616a090 code [0x0000025ea616a260, 0x0000025ea616a618]
Event: 7.790 Thread 0x0000025ebbf9ffc0 9079       3       java.security.Provider::getEngineName (49 bytes)
Event: 7.791 Thread 0x0000025ebbf9ffc0 nmethod 9079 0x0000025ea5cca110 code [0x0000025ea5cca340, 0x0000025ea5ccabb8]
Event: 7.791 Thread 0x0000025ebbf9ffc0 9081       3       java.security.Provider::check (18 bytes)
Event: 7.792 Thread 0x0000025ebf0f5020 nmethod 9076 0x0000025ead046410 code [0x0000025ead0465a0, 0x0000025ead046648]
Event: 7.792 Thread 0x0000025ebf0f5020 9084 % !   4       java.util.concurrent.ConcurrentHashMap::transfer @ 96 (850 bytes)
Event: 7.792 Thread 0x0000025ebbcd5e80 nmethod 9078 0x0000025ea5342790 code [0x0000025ea5342ac0, 0x0000025ea5344188]
Event: 7.792 Thread 0x0000025ebbcd5e80 9082   !   3       java.security.Provider::implRemoveService (180 bytes)
Event: 7.793 Thread 0x0000025ebbf9ffc0 nmethod 9081 0x0000025ea6045d90 code [0x0000025ea6045fc0, 0x0000025ea6046788]
Event: 7.793 Thread 0x0000025ebbe547a0 nmethod 9080 0x0000025ea58f4390 code [0x0000025ea58f4760, 0x0000025ea58f6178]
Event: 7.793 Thread 0x0000025ebbf9faa0 nmethod 9083 0x0000025ea5c61a90 code [0x0000025ea5c61fa0, 0x0000025ea5c64538]

GC Heap History (20 events):
Event: 7.394 GC heap before
{Heap before GC invocations=57 (full 4):
 PSYoungGen      total 11776K, used 11344K [0x00000000eab00000, 0x00000000eb900000, 0x0000000100000000)
  eden space 9216K, 100% used [0x00000000eab00000,0x00000000eb400000,0x00000000eb400000)
  from space 2560K, 83% used [0x00000000eb400000,0x00000000eb6142d8,0x00000000eb680000)
  to   space 2560K, 0% used [0x00000000eb680000,0x00000000eb680000,0x00000000eb900000)
 ParOldGen       total 93696K, used 83378K [0x00000000c0000000, 0x00000000c5b80000, 0x00000000eab00000)
  object space 93696K, 88% used [0x00000000c0000000,0x00000000c516cbb0,0x00000000c5b80000)
 Metaspace       used 62609K, committed 63808K, reserved 1114112K
  class space    used 6715K, committed 7232K, reserved 1048576K
}
Event: 7.396 GC heap after
{Heap after GC invocations=57 (full 4):
 PSYoungGen      total 11776K, used 2295K [0x00000000eab00000, 0x00000000eb900000, 0x0000000100000000)
  eden space 9216K, 0% used [0x00000000eab00000,0x00000000eab00000,0x00000000eb400000)
  from space 2560K, 89% used [0x00000000eb680000,0x00000000eb8bdf78,0x00000000eb900000)
  to   space 2560K, 0% used [0x00000000eb400000,0x00000000eb400000,0x00000000eb680000)
 ParOldGen       total 93696K, used 85292K [0x00000000c0000000, 0x00000000c5b80000, 0x00000000eab00000)
  object space 93696K, 91% used [0x00000000c0000000,0x00000000c534b208,0x00000000c5b80000)
 Metaspace       used 62609K, committed 63808K, reserved 1114112K
  class space    used 6715K, committed 7232K, reserved 1048576K
}
Event: 7.422 GC heap before
{Heap before GC invocations=58 (full 4):
 PSYoungGen      total 11776K, used 11511K [0x00000000eab00000, 0x00000000eb900000, 0x0000000100000000)
  eden space 9216K, 100% used [0x00000000eab00000,0x00000000eb400000,0x00000000eb400000)
  from space 2560K, 89% used [0x00000000eb680000,0x00000000eb8bdf78,0x00000000eb900000)
  to   space 2560K, 0% used [0x00000000eb400000,0x00000000eb400000,0x00000000eb680000)
 ParOldGen       total 93696K, used 85292K [0x00000000c0000000, 0x00000000c5b80000, 0x00000000eab00000)
  object space 93696K, 91% used [0x00000000c0000000,0x00000000c534b208,0x00000000c5b80000)
 Metaspace       used 62756K, committed 63936K, reserved 1114112K
  class space    used 6718K, committed 7232K, reserved 1048576K
}
Event: 7.425 GC heap after
{Heap after GC invocations=58 (full 4):
 PSYoungGen      total 11776K, used 2286K [0x00000000eab00000, 0x00000000eb900000, 0x0000000100000000)
  eden space 9216K, 0% used [0x00000000eab00000,0x00000000eab00000,0x00000000eb400000)
  from space 2560K, 89% used [0x00000000eb400000,0x00000000eb63b890,0x00000000eb680000)
  to   space 2560K, 0% used [0x00000000eb680000,0x00000000eb680000,0x00000000eb900000)
 ParOldGen       total 93696K, used 87300K [0x00000000c0000000, 0x00000000c5b80000, 0x00000000eab00000)
  object space 93696K, 93% used [0x00000000c0000000,0x00000000c5541368,0x00000000c5b80000)
 Metaspace       used 62756K, committed 63936K, reserved 1114112K
  class space    used 6718K, committed 7232K, reserved 1048576K
}
Event: 7.455 GC heap before
{Heap before GC invocations=59 (full 4):
 PSYoungGen      total 11776K, used 11502K [0x00000000eab00000, 0x00000000eb900000, 0x0000000100000000)
  eden space 9216K, 100% used [0x00000000eab00000,0x00000000eb400000,0x00000000eb400000)
  from space 2560K, 89% used [0x00000000eb400000,0x00000000eb63b890,0x00000000eb680000)
  to   space 2560K, 0% used [0x00000000eb680000,0x00000000eb680000,0x00000000eb900000)
 ParOldGen       total 93696K, used 87300K [0x00000000c0000000, 0x00000000c5b80000, 0x00000000eab00000)
  object space 93696K, 93% used [0x00000000c0000000,0x00000000c5541368,0x00000000c5b80000)
 Metaspace       used 63015K, committed 64192K, reserved 1114112K
  class space    used 6721K, committed 7232K, reserved 1048576K
}
Event: 7.457 GC heap after
{Heap after GC invocations=59 (full 4):
 PSYoungGen      total 11776K, used 2007K [0x00000000eab00000, 0x00000000eb900000, 0x0000000100000000)
  eden space 9216K, 0% used [0x00000000eab00000,0x00000000eab00000,0x00000000eb400000)
  from space 2560K, 78% used [0x00000000eb680000,0x00000000eb875d90,0x00000000eb900000)
  to   space 2560K, 0% used [0x00000000eb400000,0x00000000eb400000,0x00000000eb680000)
 ParOldGen       total 93696K, used 89366K [0x00000000c0000000, 0x00000000c5b80000, 0x00000000eab00000)
  object space 93696K, 95% used [0x00000000c0000000,0x00000000c5745828,0x00000000c5b80000)
 Metaspace       used 63015K, committed 64192K, reserved 1114112K
  class space    used 6721K, committed 7232K, reserved 1048576K
}
Event: 7.494 GC heap before
{Heap before GC invocations=60 (full 4):
 PSYoungGen      total 11776K, used 11166K [0x00000000eab00000, 0x00000000eb900000, 0x0000000100000000)
  eden space 9216K, 99% used [0x00000000eab00000,0x00000000eb3f1c00,0x00000000eb400000)
  from space 2560K, 78% used [0x00000000eb680000,0x00000000eb875d90,0x00000000eb900000)
  to   space 2560K, 0% used [0x00000000eb400000,0x00000000eb400000,0x00000000eb680000)
 ParOldGen       total 93696K, used 89366K [0x00000000c0000000, 0x00000000c5b80000, 0x00000000eab00000)
  object space 93696K, 95% used [0x00000000c0000000,0x00000000c5745828,0x00000000c5b80000)
 Metaspace       used 63166K, committed 64384K, reserved 1114112K
  class space    used 6740K, committed 7296K, reserved 1048576K
}
Event: 7.496 GC heap after
{Heap after GC invocations=60 (full 4):
 PSYoungGen      total 11776K, used 2135K [0x00000000eab00000, 0x00000000eb900000, 0x0000000100000000)
  eden space 9216K, 0% used [0x00000000eab00000,0x00000000eab00000,0x00000000eb400000)
  from space 2560K, 83% used [0x00000000eb400000,0x00000000eb615cc0,0x00000000eb680000)
  to   space 2560K, 0% used [0x00000000eb680000,0x00000000eb680000,0x00000000eb900000)
 ParOldGen       total 93696K, used 91113K [0x00000000c0000000, 0x00000000c5b80000, 0x00000000eab00000)
  object space 93696K, 97% used [0x00000000c0000000,0x00000000c58fa598,0x00000000c5b80000)
 Metaspace       used 63166K, committed 64384K, reserved 1114112K
  class space    used 6740K, committed 7296K, reserved 1048576K
}
Event: 7.539 GC heap before
{Heap before GC invocations=61 (full 4):
 PSYoungGen      total 11776K, used 11351K [0x00000000eab00000, 0x00000000eb900000, 0x0000000100000000)
  eden space 9216K, 100% used [0x00000000eab00000,0x00000000eb400000,0x00000000eb400000)
  from space 2560K, 83% used [0x00000000eb400000,0x00000000eb615cc0,0x00000000eb680000)
  to   space 2560K, 0% used [0x00000000eb680000,0x00000000eb680000,0x00000000eb900000)
 ParOldGen       total 93696K, used 91113K [0x00000000c0000000, 0x00000000c5b80000, 0x00000000eab00000)
  object space 93696K, 97% used [0x00000000c0000000,0x00000000c58fa598,0x00000000c5b80000)
 Metaspace       used 63447K, committed 64704K, reserved 1114112K
  class space    used 6773K, committed 7360K, reserved 1048576K
}
Event: 7.542 GC heap after
{Heap after GC invocations=61 (full 4):
 PSYoungGen      total 11776K, used 2171K [0x00000000eab00000, 0x00000000eb900000, 0x0000000100000000)
  eden space 9216K, 0% used [0x00000000eab00000,0x00000000eab00000,0x00000000eb400000)
  from space 2560K, 84% used [0x00000000eb680000,0x00000000eb89ec38,0x00000000eb900000)
  to   space 2560K, 0% used [0x00000000eb400000,0x00000000eb400000,0x00000000eb680000)
 ParOldGen       total 93696K, used 92840K [0x00000000c0000000, 0x00000000c5b80000, 0x00000000eab00000)
  object space 93696K, 99% used [0x00000000c0000000,0x00000000c5aaa030,0x00000000c5b80000)
 Metaspace       used 63447K, committed 64704K, reserved 1114112K
  class space    used 6773K, committed 7360K, reserved 1048576K
}
Event: 7.542 GC heap before
{Heap before GC invocations=62 (full 5):
 PSYoungGen      total 11776K, used 2171K [0x00000000eab00000, 0x00000000eb900000, 0x0000000100000000)
  eden space 9216K, 0% used [0x00000000eab00000,0x00000000eab00000,0x00000000eb400000)
  from space 2560K, 84% used [0x00000000eb680000,0x00000000eb89ec38,0x00000000eb900000)
  to   space 2560K, 0% used [0x00000000eb400000,0x00000000eb400000,0x00000000eb680000)
 ParOldGen       total 93696K, used 92840K [0x00000000c0000000, 0x00000000c5b80000, 0x00000000eab00000)
  object space 93696K, 99% used [0x00000000c0000000,0x00000000c5aaa030,0x00000000c5b80000)
 Metaspace       used 63447K, committed 64704K, reserved 1114112K
  class space    used 6773K, committed 7360K, reserved 1048576K
}
Event: 7.606 GC heap after
{Heap after GC invocations=62 (full 5):
 PSYoungGen      total 11776K, used 0K [0x00000000eab00000, 0x00000000eb900000, 0x0000000100000000)
  eden space 9216K, 0% used [0x00000000eab00000,0x00000000eab00000,0x00000000eb400000)
  from space 2560K, 0% used [0x00000000eb400000,0x00000000eb400000,0x00000000eb680000)
  to   space 2560K, 0% used [0x00000000eb680000,0x00000000eb680000,0x00000000eb900000)
 ParOldGen       total 116736K, used 90345K [0x00000000c0000000, 0x00000000c7200000, 0x00000000eab00000)
  object space 116736K, 77% used [0x00000000c0000000,0x00000000c583a7a0,0x00000000c7200000)
 Metaspace       used 63447K, committed 64704K, reserved 1114112K
  class space    used 6773K, committed 7360K, reserved 1048576K
}
Event: 7.650 GC heap before
{Heap before GC invocations=63 (full 5):
 PSYoungGen      total 11776K, used 9216K [0x00000000eab00000, 0x00000000eb900000, 0x0000000100000000)
  eden space 9216K, 100% used [0x00000000eab00000,0x00000000eb400000,0x00000000eb400000)
  from space 2560K, 0% used [0x00000000eb400000,0x00000000eb400000,0x00000000eb680000)
  to   space 2560K, 0% used [0x00000000eb680000,0x00000000eb680000,0x00000000eb900000)
 ParOldGen       total 116736K, used 90345K [0x00000000c0000000, 0x00000000c7200000, 0x00000000eab00000)
  object space 116736K, 77% used [0x00000000c0000000,0x00000000c583a7a0,0x00000000c7200000)
 Metaspace       used 63588K, committed 64832K, reserved 1114112K
  class space    used 6785K, committed 7360K, reserved 1048576K
}
Event: 7.652 GC heap after
{Heap after GC invocations=63 (full 5):
 PSYoungGen      total 11776K, used 2141K [0x00000000eab00000, 0x00000000eb900000, 0x0000000100000000)
  eden space 9216K, 0% used [0x00000000eab00000,0x00000000eab00000,0x00000000eb400000)
  from space 2560K, 83% used [0x00000000eb680000,0x00000000eb8975c0,0x00000000eb900000)
  to   space 2560K, 0% used [0x00000000eb400000,0x00000000eb400000,0x00000000eb680000)
 ParOldGen       total 116736K, used 90345K [0x00000000c0000000, 0x00000000c7200000, 0x00000000eab00000)
  object space 116736K, 77% used [0x00000000c0000000,0x00000000c583a7a0,0x00000000c7200000)
 Metaspace       used 63588K, committed 64832K, reserved 1114112K
  class space    used 6785K, committed 7360K, reserved 1048576K
}
Event: 7.687 GC heap before
{Heap before GC invocations=64 (full 5):
 PSYoungGen      total 11776K, used 11357K [0x00000000eab00000, 0x00000000eb900000, 0x0000000100000000)
  eden space 9216K, 100% used [0x00000000eab00000,0x00000000eb400000,0x00000000eb400000)
  from space 2560K, 83% used [0x00000000eb680000,0x00000000eb8975c0,0x00000000eb900000)
  to   space 2560K, 0% used [0x00000000eb400000,0x00000000eb400000,0x00000000eb680000)
 ParOldGen       total 116736K, used 90345K [0x00000000c0000000, 0x00000000c7200000, 0x00000000eab00000)
  object space 116736K, 77% used [0x00000000c0000000,0x00000000c583a7a0,0x00000000c7200000)
 Metaspace       used 63823K, committed 65088K, reserved 1114112K
  class space    used 6801K, committed 7360K, reserved 1048576K
}
Event: 7.689 GC heap after
{Heap after GC invocations=64 (full 5):
 PSYoungGen      total 11776K, used 2555K [0x00000000eab00000, 0x00000000ebd00000, 0x0000000100000000)
  eden space 9216K, 0% used [0x00000000eab00000,0x00000000eab00000,0x00000000eb400000)
  from space 2560K, 99% used [0x00000000eb400000,0x00000000eb67ee88,0x00000000eb680000)
  to   space 4608K, 0% used [0x00000000eb880000,0x00000000eb880000,0x00000000ebd00000)
 ParOldGen       total 116736K, used 91641K [0x00000000c0000000, 0x00000000c7200000, 0x00000000eab00000)
  object space 116736K, 78% used [0x00000000c0000000,0x00000000c597e6e0,0x00000000c7200000)
 Metaspace       used 63823K, committed 65088K, reserved 1114112K
  class space    used 6801K, committed 7360K, reserved 1048576K
}
Event: 7.731 GC heap before
{Heap before GC invocations=65 (full 5):
 PSYoungGen      total 11776K, used 11771K [0x00000000eab00000, 0x00000000ebd00000, 0x0000000100000000)
  eden space 9216K, 100% used [0x00000000eab00000,0x00000000eb400000,0x00000000eb400000)
  from space 2560K, 99% used [0x00000000eb400000,0x00000000eb67ee88,0x00000000eb680000)
  to   space 4608K, 0% used [0x00000000eb880000,0x00000000eb880000,0x00000000ebd00000)
 ParOldGen       total 116736K, used 91641K [0x00000000c0000000, 0x00000000c7200000, 0x00000000eab00000)
  object space 116736K, 78% used [0x00000000c0000000,0x00000000c597e6e0,0x00000000c7200000)
 Metaspace       used 64065K, committed 65408K, reserved 1114112K
  class space    used 6842K, committed 7424K, reserved 1048576K
}
Event: 7.734 GC heap after
{Heap after GC invocations=65 (full 5):
 PSYoungGen      total 11264K, used 1906K [0x00000000eab00000, 0x00000000eba80000, 0x0000000100000000)
  eden space 9216K, 0% used [0x00000000eab00000,0x00000000eab00000,0x00000000eb400000)
  from space 2048K, 93% used [0x00000000eb880000,0x00000000eba5cb38,0x00000000eba80000)
  to   space 3072K, 0% used [0x00000000eb480000,0x00000000eb480000,0x00000000eb780000)
 ParOldGen       total 116736K, used 94141K [0x00000000c0000000, 0x00000000c7200000, 0x00000000eab00000)
  object space 116736K, 80% used [0x00000000c0000000,0x00000000c5bef6e0,0x00000000c7200000)
 Metaspace       used 64065K, committed 65408K, reserved 1114112K
  class space    used 6842K, committed 7424K, reserved 1048576K
}
Event: 7.766 GC heap before
{Heap before GC invocations=66 (full 5):
 PSYoungGen      total 11264K, used 11122K [0x00000000eab00000, 0x00000000eba80000, 0x0000000100000000)
  eden space 9216K, 100% used [0x00000000eab00000,0x00000000eb400000,0x00000000eb400000)
  from space 2048K, 93% used [0x00000000eb880000,0x00000000eba5cb38,0x00000000eba80000)
  to   space 3072K, 0% used [0x00000000eb480000,0x00000000eb480000,0x00000000eb780000)
 ParOldGen       total 116736K, used 94141K [0x00000000c0000000, 0x00000000c7200000, 0x00000000eab00000)
  object space 116736K, 80% used [0x00000000c0000000,0x00000000c5bef6e0,0x00000000c7200000)
 Metaspace       used 64204K, committed 65536K, reserved 1114112K
  class space    used 6864K, committed 7424K, reserved 1048576K
}
Event: 7.769 GC heap after
{Heap after GC invocations=66 (full 5):
 PSYoungGen      total 12288K, used 3071K [0x00000000eab00000, 0x00000000eba80000, 0x0000000100000000)
  eden space 9216K, 0% used [0x00000000eab00000,0x00000000eab00000,0x00000000eb400000)
  from space 3072K, 99% used [0x00000000eb480000,0x00000000eb77fd98,0x00000000eb780000)
  to   space 2048K, 0% used [0x00000000eb880000,0x00000000eb880000,0x00000000eba80000)
 ParOldGen       total 116736K, used 95884K [0x00000000c0000000, 0x00000000c7200000, 0x00000000eab00000)
  object space 116736K, 82% used [0x00000000c0000000,0x00000000c5da31e0,0x00000000c7200000)
 Metaspace       used 64204K, committed 65536K, reserved 1114112K
  class space    used 6864K, committed 7424K, reserved 1048576K
}

Dll operation events (11 events):
Event: 0.006 Loaded shared library c:\Users\Varun\.vscode\extensions\redhat.java-1.35.1-win32-x64\jre\17.0.12-win32-x86_64\bin\java.dll
Event: 0.099 Loaded shared library c:\Users\Varun\.vscode\extensions\redhat.java-1.35.1-win32-x64\jre\17.0.12-win32-x86_64\bin\zip.dll
Event: 0.102 Loaded shared library C:\Users\Varun\.vscode\extensions\redhat.java-1.35.1-win32-x64\jre\17.0.12-win32-x86_64\bin\instrument.dll
Event: 0.111 Loaded shared library C:\Users\Varun\.vscode\extensions\redhat.java-1.35.1-win32-x64\jre\17.0.12-win32-x86_64\bin\net.dll
Event: 0.112 Loaded shared library C:\Users\Varun\.vscode\extensions\redhat.java-1.35.1-win32-x64\jre\17.0.12-win32-x86_64\bin\nio.dll
Event: 0.117 Loaded shared library C:\Users\Varun\.vscode\extensions\redhat.java-1.35.1-win32-x64\jre\17.0.12-win32-x86_64\bin\zip.dll
Event: 0.130 Loaded shared library C:\Users\Varun\.vscode\extensions\redhat.java-1.35.1-win32-x64\jre\17.0.12-win32-x86_64\bin\jimage.dll
Event: 0.178 Loaded shared library c:\Users\Varun\.vscode\extensions\redhat.java-1.35.1-win32-x64\jre\17.0.12-win32-x86_64\bin\verify.dll
Event: 0.951 Loaded shared library C:\Users\Varun\AppData\Roaming\Code\User\globalStorage\redhat.java\1.35.1\config_win\org.eclipse.equinox.launcher\org.eclipse.equinox.launcher.win32.win32.x86_64_1.2.1100.v20240722-2106\eclipse_11904.dll
Event: 1.866 Loaded shared library C:\Users\Varun\AppData\Local\Temp\jna-82425824\jna8026902082668100626.dll
Event: 7.778 Loaded shared library C:\Users\Varun\.vscode\extensions\redhat.java-1.35.1-win32-x64\jre\17.0.12-win32-x86_64\bin\sunmscapi.dll

Deoptimization events (20 events):
Event: 7.756 Thread 0x0000025ebf2db810 DEOPT PACKING pc=0x0000025ea6084c63 sp=0x0000008919cfe3e0
Event: 7.756 Thread 0x0000025ebf2db810 DEOPT UNPACKING pc=0x0000025eac616e43 sp=0x0000008919cfd948 mode 0
Event: 7.761 Thread 0x0000025ebf2db810 DEOPT PACKING pc=0x0000025ea6084c63 sp=0x0000008919cfe3e0
Event: 7.761 Thread 0x0000025ebf2db810 DEOPT UNPACKING pc=0x0000025eac616e43 sp=0x0000008919cfd948 mode 0
Event: 7.769 Thread 0x0000025ebf2db810 DEOPT PACKING pc=0x0000025ea5f85555 sp=0x0000008919cfe390
Event: 7.769 Thread 0x0000025ebf2db810 DEOPT UNPACKING pc=0x0000025eac616e43 sp=0x0000008919cfd920 mode 0
Event: 7.770 Thread 0x0000025ebf2db810 DEOPT PACKING pc=0x0000025ea6084c63 sp=0x0000008919cfe3e0
Event: 7.770 Thread 0x0000025ebf2db810 DEOPT UNPACKING pc=0x0000025eac616e43 sp=0x0000008919cfd948 mode 0
Event: 7.778 Thread 0x0000025ebf2db810 DEOPT PACKING pc=0x0000025ea6084c63 sp=0x0000008919cfe3e0
Event: 7.778 Thread 0x0000025ebf2db810 DEOPT UNPACKING pc=0x0000025eac616e43 sp=0x0000008919cfd948 mode 0
Event: 7.782 Thread 0x0000025ebf2db810 DEOPT PACKING pc=0x0000025ea5f85555 sp=0x0000008919cfe390
Event: 7.782 Thread 0x0000025ebf2db810 DEOPT UNPACKING pc=0x0000025eac616e43 sp=0x0000008919cfd920 mode 0
Event: 7.782 Thread 0x0000025ebf2db810 DEOPT PACKING pc=0x0000025ea6084c63 sp=0x0000008919cfe3e0
Event: 7.783 Thread 0x0000025ebf2db810 DEOPT UNPACKING pc=0x0000025eac616e43 sp=0x0000008919cfd948 mode 0
Event: 7.787 Thread 0x0000025ebf2db810 DEOPT PACKING pc=0x0000025ea6084c63 sp=0x0000008919cfe3e0
Event: 7.787 Thread 0x0000025ebf2db810 DEOPT UNPACKING pc=0x0000025eac616e43 sp=0x0000008919cfd948 mode 0
Event: 7.791 Thread 0x0000025ebf2db810 DEOPT PACKING pc=0x0000025ea5f85555 sp=0x0000008919cfe390
Event: 7.791 Thread 0x0000025ebf2db810 DEOPT UNPACKING pc=0x0000025eac616e43 sp=0x0000008919cfd920 mode 0
Event: 7.792 Thread 0x0000025ebf2db810 DEOPT PACKING pc=0x0000025ea6084c63 sp=0x0000008919cfe3e0
Event: 7.792 Thread 0x0000025ebf2db810 DEOPT UNPACKING pc=0x0000025eac616e43 sp=0x0000008919cfd948 mode 0

Classes loaded (20 events):
Event: 7.755 Loading class javax/crypto/Cipher$Transform
Event: 7.755 Loading class javax/crypto/Cipher$Transform done
Event: 7.755 Loading class sun/security/jca/ProviderConfig$3
Event: 7.756 Loading class sun/security/jca/ProviderConfig$3 done
Event: 7.756 Loading class sun/security/jca/ProviderConfig$ProviderLoader
Event: 7.756 Loading class sun/security/jca/ProviderConfig$ProviderLoader done
Event: 7.762 Loading class java/security/ProviderException
Event: 7.762 Loading class java/security/ProviderException done
Event: 7.766 Loading class java/security/InvalidParameterException
Event: 7.769 Loading class java/security/InvalidParameterException done
Event: 7.784 Loading class sun/security/ssl/SunJSSE
Event: 7.785 Loading class sun/security/ssl/SunJSSE done
Event: 7.786 Loading class com/sun/crypto/provider/SunJCE
Event: 7.787 Loading class com/sun/crypto/provider/SunJCE done
Event: 7.790 Loading class javax/crypto/JceSecurity
Event: 7.791 Loading class javax/crypto/JceSecurity done
Event: 7.791 Loading class javax/crypto/JceSecurity$1
Event: 7.792 Loading class javax/crypto/JceSecurity$1 done
Event: 7.793 Loading class java/nio/file/Files$1
Event: 7.793 Loading class java/nio/file/Files$1 done

Classes unloaded (11 events):
Event: 2.759 Thread 0x0000025ea0dadaa0 Unloading class 0x000000010024a400 'java/lang/invoke/LambdaForm$MH+0x000000010024a400'
Event: 2.759 Thread 0x0000025ea0dadaa0 Unloading class 0x000000010024a000 'java/lang/invoke/LambdaForm$MH+0x000000010024a000'
Event: 2.759 Thread 0x0000025ea0dadaa0 Unloading class 0x0000000100249c00 'java/lang/invoke/LambdaForm$MH+0x0000000100249c00'
Event: 2.759 Thread 0x0000025ea0dadaa0 Unloading class 0x0000000100249800 'java/lang/invoke/LambdaForm$MH+0x0000000100249800'
Event: 2.759 Thread 0x0000025ea0dadaa0 Unloading class 0x0000000100249400 'java/lang/invoke/LambdaForm$BMH+0x0000000100249400'
Event: 2.759 Thread 0x0000025ea0dadaa0 Unloading class 0x0000000100249000 'java/lang/invoke/LambdaForm$DMH+0x0000000100249000'
Event: 2.759 Thread 0x0000025ea0dadaa0 Unloading class 0x0000000100244400 'java/lang/invoke/LambdaForm$DMH+0x0000000100244400'
Event: 6.223 Thread 0x0000025ea0dadaa0 Unloading class 0x0000000100621c00 'jdk/internal/reflect/GeneratedSerializationConstructorAccessor30'
Event: 6.223 Thread 0x0000025ea0dadaa0 Unloading class 0x0000000100621000 'jdk/internal/reflect/GeneratedSerializationConstructorAccessor28'
Event: 6.223 Thread 0x0000025ea0dadaa0 Unloading class 0x0000000100620800 'jdk/internal/reflect/GeneratedSerializationConstructorAccessor27'
Event: 6.223 Thread 0x0000025ea0dadaa0 Unloading class 0x0000000100620400 'jdk/internal/reflect/GeneratedSerializationConstructorAccessor25'

Classes redefined (0 events):
No events

Internal exceptions (20 events):
Event: 6.275 Thread 0x0000025ec2354110 Exception <a 'sun/nio/fs/WindowsException'{0x00000000eab5eb38}> (0x00000000eab5eb38) 
thrown [s\src\hotspot\share\prims\jni.cpp, line 516]
Event: 6.355 Thread 0x0000025ec2359720 Exception <a 'sun/nio/fs/WindowsException'{0x00000000eb71f668}> (0x00000000eb71f668) 
thrown [s\src\hotspot\share\prims\jni.cpp, line 516]
Event: 6.355 Thread 0x0000025ec2359720 Exception <a 'sun/nio/fs/WindowsException'{0x00000000eb78e768}> (0x00000000eb78e768) 
thrown [s\src\hotspot\share\prims\jni.cpp, line 516]
Event: 6.356 Thread 0x0000025ec2359720 Exception <a 'sun/nio/fs/WindowsException'{0x00000000eb78f888}> (0x00000000eb78f888) 
thrown [s\src\hotspot\share\prims\jni.cpp, line 516]
Event: 6.356 Thread 0x0000025ec2359720 Exception <a 'sun/nio/fs/WindowsException'{0x00000000eb78fed0}> (0x00000000eb78fed0) 
thrown [s\src\hotspot\share\prims\jni.cpp, line 516]
Event: 6.360 Thread 0x0000025ec2359720 Exception <a 'java/io/FileNotFoundException'{0x00000000eb8cedf8}> (0x00000000eb8cedf8) 
thrown [s\src\hotspot\share\prims\jni.cpp, line 516]
Event: 6.361 Thread 0x0000025ec2359720 Exception <a 'java/io/FileNotFoundException'{0x00000000eb8cfdc0}> (0x00000000eb8cfdc0) 
thrown [s\src\hotspot\share\prims\jni.cpp, line 516]
Event: 6.370 Thread 0x0000025ec2359720 Exception <a 'sun/nio/fs/WindowsException'{0x00000000eab66540}> (0x00000000eab66540) 
thrown [s\src\hotspot\share\prims\jni.cpp, line 516]
Event: 6.370 Thread 0x0000025ec2359720 Exception <a 'sun/nio/fs/WindowsException'{0x00000000eab66b88}> (0x00000000eab66b88) 
thrown [s\src\hotspot\share\prims\jni.cpp, line 516]
Event: 6.388 Thread 0x0000025ebf2db810 Implicit null exception at 0x0000025ead1788ac to 0x0000025ead17899c
Event: 7.450 Thread 0x0000025ebf2d9ec0 Exception <a 'sun/nio/fs/WindowsException'{0x00000000eb2119f0}> (0x00000000eb2119f0) 
thrown [s\src\hotspot\share\prims\jni.cpp, line 516]
Event: 7.450 Thread 0x0000025ebf2d9ec0 Exception <a 'sun/nio/fs/WindowsException'{0x00000000eb212048}> (0x00000000eb212048) 
thrown [s\src\hotspot\share\prims\jni.cpp, line 516]
Event: 7.452 Thread 0x0000025ebf2d9ec0 Exception <a 'sun/nio/fs/WindowsException'{0x00000000eb29cd60}> (0x00000000eb29cd60) 
thrown [s\src\hotspot\share\prims\jni.cpp, line 516]
Event: 7.452 Thread 0x0000025ebf2d9ec0 Exception <a 'sun/nio/fs/WindowsException'{0x00000000eb29d3b8}> (0x00000000eb29d3b8) 
thrown [s\src\hotspot\share\prims\jni.cpp, line 516]
Event: 7.453 Thread 0x0000025ebf2d9ec0 Exception <a 'sun/nio/fs/WindowsException'{0x00000000eb29e520}> (0x00000000eb29e520) 
thrown [s\src\hotspot\share\prims\jni.cpp, line 516]
Event: 7.453 Thread 0x0000025ebf2d9ec0 Exception <a 'sun/nio/fs/WindowsException'{0x00000000eb29eb68}> (0x00000000eb29eb68) 
thrown [s\src\hotspot\share\prims\jni.cpp, line 516]
Event: 7.454 Thread 0x0000025ebf2d9ec0 Exception <a 'sun/nio/fs/WindowsException'{0x00000000eb3afbf8}> (0x00000000eb3afbf8) 
thrown [s\src\hotspot\share\prims\jni.cpp, line 516]
Event: 7.454 Thread 0x0000025ebf2d9ec0 Exception <a 'sun/nio/fs/WindowsException'{0x00000000eb3b0240}> (0x00000000eb3b0240) 
thrown [s\src\hotspot\share\prims\jni.cpp, line 516]
Event: 7.736 Thread 0x0000025ec2356ea0 Exception <a 'java/lang/NoSuchMethodError'{0x00000000eab56ae8}: 'java.lang.Object java.lang.invoke.DirectMethodHandle$Holder.invokeStaticInit(java.lang.Object, java.lang.Object, java.lang.Object)'> (0x00000000eab56ae8) 
thrown [s\src\hotspot\share\interpreter\linkResolver.cpp, line 759]
Event: 7.792 Thread 0x0000025ec2359c30 Exception <a 'sun/nio/fs/WindowsException'{0x00000000eaf9ee98}> (0x00000000eaf9ee98) 
thrown [s\src\hotspot\share\prims\jni.cpp, line 516]

VM Operations (20 events):
Event: 7.394 Executing VM operation: ParallelGCFailedAllocation
Event: 7.396 Executing VM operation: ParallelGCFailedAllocation done
Event: 7.422 Executing VM operation: ParallelGCFailedAllocation
Event: 7.425 Executing VM operation: ParallelGCFailedAllocation done
Event: 7.455 Executing VM operation: ParallelGCFailedAllocation
Event: 7.457 Executing VM operation: ParallelGCFailedAllocation done
Event: 7.489 Executing VM operation: ParallelGCFailedAllocation
Event: 7.496 Executing VM operation: ParallelGCFailedAllocation done
Event: 7.539 Executing VM operation: ParallelGCFailedAllocation
Event: 7.607 Executing VM operation: ParallelGCFailedAllocation done
Event: 7.650 Executing VM operation: ParallelGCFailedAllocation
Event: 7.652 Executing VM operation: ParallelGCFailedAllocation done
Event: 7.687 Executing VM operation: ParallelGCFailedAllocation
Event: 7.689 Executing VM operation: ParallelGCFailedAllocation done
Event: 7.730 Executing VM operation: ParallelGCFailedAllocation
Event: 7.734 Executing VM operation: ParallelGCFailedAllocation done
Event: 7.761 Executing VM operation: HandshakeAllThreads
Event: 7.761 Executing VM operation: HandshakeAllThreads done
Event: 7.766 Executing VM operation: ParallelGCFailedAllocation
Event: 7.769 Executing VM operation: ParallelGCFailedAllocation done

Events (20 events):
Event: 7.107 Thread 0x0000025ebbcdef60 flushing nmethod 0x0000025ea616a090
Event: 7.107 Thread 0x0000025ebbcdef60 flushing nmethod 0x0000025ea616ad90
Event: 7.107 Thread 0x0000025ebbcdef60 flushing nmethod 0x0000025ea6177590
Event: 7.107 Thread 0x0000025ebbcdef60 flushing nmethod 0x0000025ea6177990
Event: 7.473 Thread 0x0000025ec2356480 Thread added: 0x0000025ec2356480
Event: 7.686 Thread 0x0000025ec2355a60 Thread added: 0x0000025ec2355a60
Event: 7.690 Thread 0x0000025ec23578c0 Thread added: 0x0000025ec23578c0
Event: 7.701 Thread 0x0000025ec2354b30 Thread added: 0x0000025ec2354b30
Event: 7.701 Thread 0x0000025ec23536f0 Thread added: 0x0000025ec23536f0
Event: 7.701 Thread 0x0000025ec2356990 Thread added: 0x0000025ec2356990
Event: 7.702 Thread 0x0000025ec2356ea0 Thread added: 0x0000025ec2356ea0
Event: 7.703 Thread 0x0000025ec2355f70 Thread added: 0x0000025ec2355f70
Event: 7.704 Thread 0x0000025ec2357dd0 Thread added: 0x0000025ec2357dd0
Event: 7.705 Thread 0x0000025ec23582e0 Thread added: 0x0000025ec23582e0
Event: 7.705 Thread 0x0000025ec23522b0 Thread added: 0x0000025ec23522b0
Event: 7.706 Thread 0x0000025ec23587f0 Thread added: 0x0000025ec23587f0
Event: 7.707 Thread 0x0000025ec2358d00 Thread added: 0x0000025ec2358d00
Event: 7.708 Thread 0x0000025ec2359210 Thread added: 0x0000025ec2359210
Event: 7.709 Thread 0x0000025ec2353c00 Thread added: 0x0000025ec2353c00
Event: 7.730 Thread 0x0000025ec2359c30 Thread added: 0x0000025ec2359c30


Dynamic libraries:
0x00007ff7fd6c0000 - 0x00007ff7fd6ce000 	c:\Users\Varun\.vscode\extensions\redhat.java-1.35.1-win32-x64\jre\17.0.12-win32-x86_64\bin\java.exe
0x00007ffff7b70000 - 0x00007ffff7d87000 	C:\WINDOWS\SYSTEM32\ntdll.dll
0x00007ffff6a70000 - 0x00007ffff6b34000 	C:\WINDOWS\System32\KERNEL32.DLL
0x00007ffff4f80000 - 0x00007ffff5337000 	C:\WINDOWS\System32\KERNELBASE.dll
0x00007ffff5710000 - 0x00007ffff5821000 	C:\WINDOWS\System32\ucrtbase.dll
0x00007fffc4c80000 - 0x00007fffc4c97000 	c:\Users\Varun\.vscode\extensions\redhat.java-1.35.1-win32-x64\jre\17.0.12-win32-x86_64\bin\jli.dll
0x00007fffb6de0000 - 0x00007fffb6dfb000 	c:\Users\Varun\.vscode\extensions\redhat.java-1.35.1-win32-x64\jre\17.0.12-win32-x86_64\bin\VCRUNTIME140.dll
0x00007ffff6b40000 - 0x00007ffff6cef000 	C:\WINDOWS\System32\USER32.dll
0x00007ffff4eb0000 - 0x00007ffff4ed6000 	C:\WINDOWS\System32\win32u.dll
0x00007fffebbf0000 - 0x00007fffebe83000 	C:\WINDOWS\WinSxS\amd64_microsoft.windows.common-controls_6595b64144ccf1df_6.0.22621.3672_none_2713b9d173822955\COMCTL32.dll
0x00007ffff7470000 - 0x00007ffff7499000 	C:\WINDOWS\System32\GDI32.dll
0x00007ffff73c0000 - 0x00007ffff7467000 	C:\WINDOWS\System32\msvcrt.dll
0x00007ffff5480000 - 0x00007ffff5598000 	C:\WINDOWS\System32\gdi32full.dll
0x00007ffff4ee0000 - 0x00007ffff4f7a000 	C:\WINDOWS\System32\msvcp_win.dll
0x00007ffff6db0000 - 0x00007ffff6de1000 	C:\WINDOWS\System32\IMM32.DLL
0x00007fffed840000 - 0x00007fffed84c000 	c:\Users\Varun\.vscode\extensions\redhat.java-1.35.1-win32-x64\jre\17.0.12-win32-x86_64\bin\vcruntime140_1.dll
0x00007fff72a60000 - 0x00007fff72aed000 	c:\Users\Varun\.vscode\extensions\redhat.java-1.35.1-win32-x64\jre\17.0.12-win32-x86_64\bin\msvcp140.dll
0x00007fff43990000 - 0x00007fff445fa000 	c:\Users\Varun\.vscode\extensions\redhat.java-1.35.1-win32-x64\jre\17.0.12-win32-x86_64\bin\server\jvm.dll
0x00007ffff5f90000 - 0x00007ffff6042000 	C:\WINDOWS\System32\ADVAPI32.dll
0x00007ffff7310000 - 0x00007ffff73b8000 	C:\WINDOWS\System32\sechost.dll
0x00007ffff4e80000 - 0x00007ffff4ea8000 	C:\WINDOWS\System32\bcrypt.dll
0x00007ffff58a0000 - 0x00007ffff59b4000 	C:\WINDOWS\System32\RPCRT4.dll
0x00007ffff5f10000 - 0x00007ffff5f81000 	C:\WINDOWS\System32\WS2_32.dll
0x00007ffff4d50000 - 0x00007ffff4d9d000 	C:\WINDOWS\SYSTEM32\POWRPROF.dll
0x00007fffea2b0000 - 0x00007fffea2e4000 	C:\WINDOWS\SYSTEM32\WINMM.dll
0x00007fffecde0000 - 0x00007fffecdea000 	C:\WINDOWS\SYSTEM32\VERSION.dll
0x00007ffff4d30000 - 0x00007ffff4d43000 	C:\WINDOWS\SYSTEM32\UMPDC.dll
0x00007ffff3e90000 - 0x00007ffff3ea8000 	C:\WINDOWS\SYSTEM32\kernel.appcore.dll
0x00007fffe0310000 - 0x00007fffe031a000 	c:\Users\Varun\.vscode\extensions\redhat.java-1.35.1-win32-x64\jre\17.0.12-win32-x86_64\bin\jimage.dll
0x00007ffff27c0000 - 0x00007ffff29f2000 	C:\WINDOWS\SYSTEM32\DBGHELP.DLL
0x00007ffff5b80000 - 0x00007ffff5f0e000 	C:\WINDOWS\System32\combase.dll
0x00007ffff6df0000 - 0x00007ffff6ec7000 	C:\WINDOWS\System32\OLEAUT32.dll
0x00007fffe7ea0000 - 0x00007fffe7ed2000 	C:\WINDOWS\SYSTEM32\dbgcore.DLL
0x00007ffff5400000 - 0x00007ffff547b000 	C:\WINDOWS\System32\bcryptPrimitives.dll
0x00007fffde5b0000 - 0x00007fffde5be000 	c:\Users\Varun\.vscode\extensions\redhat.java-1.35.1-win32-x64\jre\17.0.12-win32-x86_64\bin\instrument.dll
0x00007fff91c70000 - 0x00007fff91c95000 	c:\Users\Varun\.vscode\extensions\redhat.java-1.35.1-win32-x64\jre\17.0.12-win32-x86_64\bin\java.dll
0x00007fffa12e0000 - 0x00007fffa12f8000 	c:\Users\Varun\.vscode\extensions\redhat.java-1.35.1-win32-x64\jre\17.0.12-win32-x86_64\bin\zip.dll
0x00007ffff6200000 - 0x00007ffff6a69000 	C:\WINDOWS\System32\SHELL32.dll
0x00007ffff2da0000 - 0x00007ffff369f000 	C:\WINDOWS\SYSTEM32\windows.storage.dll
0x00007ffff2c60000 - 0x00007ffff2d9f000 	C:\WINDOWS\SYSTEM32\wintypes.dll
0x00007ffff7210000 - 0x00007ffff7309000 	C:\WINDOWS\System32\SHCORE.dll
0x00007ffff7100000 - 0x00007ffff715e000 	C:\WINDOWS\System32\shlwapi.dll
0x00007ffff4db0000 - 0x00007ffff4dd7000 	C:\WINDOWS\SYSTEM32\profapi.dll
0x00007fffa0090000 - 0x00007fffa00a9000 	C:\Users\Varun\.vscode\extensions\redhat.java-1.35.1-win32-x64\jre\17.0.12-win32-x86_64\bin\net.dll
0x00007ffff0a70000 - 0x00007ffff0ba6000 	C:\WINDOWS\SYSTEM32\WINHTTP.dll
0x00007ffff4300000 - 0x00007ffff4369000 	C:\WINDOWS\system32\mswsock.dll
0x00007fff9e770000 - 0x00007fff9e786000 	C:\Users\Varun\.vscode\extensions\redhat.java-1.35.1-win32-x64\jre\17.0.12-win32-x86_64\bin\nio.dll
0x00007fffc0800000 - 0x00007fffc0810000 	c:\Users\Varun\.vscode\extensions\redhat.java-1.35.1-win32-x64\jre\17.0.12-win32-x86_64\bin\verify.dll
0x00007fffde750000 - 0x00007fffde795000 	C:\Users\Varun\AppData\Roaming\Code\User\globalStorage\redhat.java\1.35.1\config_win\org.eclipse.equinox.launcher\org.eclipse.equinox.launcher.win32.win32.x86_64_1.2.1100.v20240722-2106\eclipse_11904.dll
0x00007ffff6050000 - 0x00007ffff61f5000 	C:\WINDOWS\System32\ole32.dll
0x00007ffff4530000 - 0x00007ffff454b000 	C:\WINDOWS\SYSTEM32\CRYPTSP.dll
0x00007ffff3df0000 - 0x00007ffff3e25000 	C:\WINDOWS\system32\rsaenh.dll
0x00007ffff43c0000 - 0x00007ffff43e8000 	C:\WINDOWS\SYSTEM32\USERENV.dll
0x00007ffff4520000 - 0x00007ffff452c000 	C:\WINDOWS\SYSTEM32\CRYPTBASE.dll
0x00007ffff3900000 - 0x00007ffff392d000 	C:\WINDOWS\SYSTEM32\IPHLPAPI.DLL
0x00007ffff6ed0000 - 0x00007ffff6ed9000 	C:\WINDOWS\System32\NSI.dll
0x00007ffff0860000 - 0x00007ffff0879000 	C:\WINDOWS\SYSTEM32\dhcpcsvc6.DLL
0x00007ffff03e0000 - 0x00007ffff03ff000 	C:\WINDOWS\SYSTEM32\dhcpcsvc.DLL
0x00007ffff3930000 - 0x00007ffff3a32000 	C:\WINDOWS\SYSTEM32\DNSAPI.dll
0x00007fff91ca0000 - 0x00007fff91ce9000 	C:\Users\Varun\AppData\Local\Temp\jna-82425824\jna8026902082668100626.dll
0x00007ffff6da0000 - 0x00007ffff6da8000 	C:\WINDOWS\System32\PSAPI.DLL
0x00007fffde740000 - 0x00007fffde74e000 	C:\Users\Varun\.vscode\extensions\redhat.java-1.35.1-win32-x64\jre\17.0.12-win32-x86_64\bin\sunmscapi.dll
0x00007ffff55a0000 - 0x00007ffff5706000 	C:\WINDOWS\System32\CRYPT32.dll
0x00007ffff4730000 - 0x00007ffff475d000 	C:\WINDOWS\SYSTEM32\ncrypt.dll
0x00007ffff46f0000 - 0x00007ffff4727000 	C:\WINDOWS\SYSTEM32\NTASN1.dll

dbghelp: loaded successfully - version: 4.0.5 - missing functions: none
symbol engine: initialized successfully - sym options: 0x614 - pdb path: .;c:\Users\Varun\.vscode\extensions\redhat.java-1.35.1-win32-x64\jre\17.0.12-win32-x86_64\bin;C:\WINDOWS\SYSTEM32;C:\WINDOWS\WinSxS\amd64_microsoft.windows.common-controls_6595b64144ccf1df_6.0.22621.3672_none_2713b9d173822955;c:\Users\Varun\.vscode\extensions\redhat.java-1.35.1-win32-x64\jre\17.0.12-win32-x86_64\bin\server;C:\Users\Varun\AppData\Roaming\Code\User\globalStorage\redhat.java\1.35.1\config_win\org.eclipse.equinox.launcher\org.eclipse.equinox.launcher.win32.win32.x86_64_1.2.1100.v20240722-2106;C:\Users\Varun\AppData\Local\Temp\jna-82425824

VM Arguments:
jvm_args: --add-modules=ALL-SYSTEM --add-opens=java.base/java.util=ALL-UNNAMED --add-opens=java.base/java.lang=ALL-UNNAMED --add-opens=java.base/sun.nio.fs=ALL-UNNAMED -Declipse.application=org.eclipse.jdt.ls.core.id1 -Dosgi.bundles.defaultStartLevel=4 -Declipse.product=org.eclipse.jdt.ls.core.product -Djava.import.generatesMetadataFilesAtProjectRoot=false -DDetectVMInstallationsJob.disabled=true -Dfile.encoding=utf8 -XX:+UseParallelGC -XX:GCTimeRatio=4 -XX:AdaptiveSizePolicyWeight=90 -Dsun.zip.disableMemoryMapping=true -Xmx1G -Xms100m -Xlog:disable -javaagent:c:\Users\Varun\.vscode\extensions\redhat.java-1.35.1-win32-x64\lombok\lombok-1.18.33.jar -XX:+HeapDumpOnOutOfMemoryError -XX:HeapDumpPath=c:\Users\Varun\AppData\Roaming\Code\User\workspaceStorage\566dd8550a7d944b28b70b108ab205cf\redhat.java -Daether.dependencyCollector.impl=bf 
java_command: c:\Users\Varun\.vscode\extensions\redhat.java-1.35.1-win32-x64\server\plugins\org.eclipse.equinox.launcher_1.6.900.v20240613-2009.jar -configuration c:\Users\Varun\AppData\Roaming\Code\User\globalStorage\redhat.java\1.35.1\config_win -data c:\Users\Varun\AppData\Roaming\Code\User\workspaceStorage\566dd8550a7d944b28b70b108ab205cf\redhat.java\jdt_ws --pipe=\\.\pipe\lsp-bf0541a354803d5712ba0e169675a4fb-sock
java_class_path (initial): c:\Users\Varun\.vscode\extensions\redhat.java-1.35.1-win32-x64\server\plugins\org.eclipse.equinox.launcher_1.6.900.v20240613-2009.jar
Launcher Type: SUN_STANDARD

[Global flags]
    uintx AdaptiveSizePolicyWeight                 = 90                                        {product} {command line}
     intx CICompilerCount                          = 12                                        {product} {ergonomic}
    uintx GCTimeRatio                              = 4                                         {product} {command line}
     bool HeapDumpOnOutOfMemoryError               = true                                   {manageable} {command line}
    ccstr HeapDumpPath                             = c:\Users\Varun\AppData\Roaming\Code\User\workspaceStorage\566dd8550a7d944b28b70b108ab205cf\redhat.java         {manageable} {command line}
   size_t InitialHeapSize                          = 104857600                                 {product} {command line}
   size_t MaxHeapSize                              = 1073741824                                {product} {command line}
   size_t MaxNewSize                               = 357564416                                 {product} {ergonomic}
   size_t MinHeapDeltaBytes                        = 524288                                    {product} {ergonomic}
   size_t MinHeapSize                              = 104857600                                 {product} {command line}
   size_t NewSize                                  = 34603008                                  {product} {ergonomic}
    uintx NonNMethodCodeHeapSize                   = 7602480                                {pd product} {ergonomic}
    uintx NonProfiledCodeHeapSize                  = 122027880                              {pd product} {ergonomic}
   size_t OldSize                                  = 70254592                                  {product} {ergonomic}
    uintx ProfiledCodeHeapSize                     = 122027880                              {pd product} {ergonomic}
    uintx ReservedCodeCacheSize                    = 251658240                              {pd product} {ergonomic}
     bool SegmentedCodeCache                       = true                                      {product} {ergonomic}
   size_t SoftMaxHeapSize                          = 1073741824                             {manageable} {ergonomic}
     bool UseCompressedClassPointers               = true                           {product lp64_product} {ergonomic}
     bool UseCompressedOops                        = true                           {product lp64_product} {ergonomic}
     bool UseLargePagesIndividualAllocation        = false                                  {pd product} {ergonomic}
     bool UseParallelGC                            = true                                      {product} {command line}

Logging:
Log output configuration:
 #0: stdout all=off uptime,level,tags
 #1: stderr all=off uptime,level,tags

Environment Variables:
JAVA_HOME=C:\Program Files\Java\jdk-17.0.5
PATH=C:\Program Files\Common Files\Oracle\Java\javapath;C:\Windows\system32;C:\Windows;C:\Windows\System32\Wbem;C:\Windows\System32\WindowsPowerShell\v1.0\;C:\Windows\System32\OpenSSH\;C:\Program Files (x86)\NVIDIA Corporation\PhysX\Common;C:\Program Files\NVIDIA Corporation\NVIDIA NvDLISR;C:\Program Files\Java\jdk-17.0.5\bin;C:\SW\Development\apache-maven-3.8.1\bin;C:\SW\Development\apache-maven-3.8.1\bin;C:\Program Files\nodejs\;C:\Program Files (x86)\dotnet\;C:\Program Files\Git\cmd;C:\Program Files\TortoiseGit\bin;C:\WINDOWS\system32;C:\WINDOWS;C:\WINDOWS\System32\Wbem;C:\WINDOWS\System32\WindowsPowerShell\v1.0\;C:\WINDOWS\System32\OpenSSH\;C:\Program Files\Docker\Docker\resources\bin;C:\Program Files\dotnet\;C:\Users\Varun\AppData\Local\Programs\Python\Python311\Scripts\;C:\Users\Varun\AppData\Local\Programs\Python\Python311\;C:\Program Files\MySQL\MySQL Shell 8.0\bin\;C:\Users\Varun\AppData\Local\Microsoft\WindowsApps;C:\Users\Varun\AppData\Local\Programs\Microsoft VS Code\bin;C:\Users\Varun\AppData\Roaming\npm;C:\Users\Varun\AppData\Local\GitHubDesktop\bin;C:\Local\kubectl.exe;
USERNAME=Varun
OS=Windows_NT
PROCESSOR_IDENTIFIER=AMD64 Family 25 Model 80 Stepping 0, AuthenticAMD
TMP=C:\Users\Varun\AppData\Local\Temp
TEMP=C:\Users\Varun\AppData\Local\Temp



Periodic native trim disabled


---------------  S Y S T E M  ---------------

OS:
 Windows 11 , 64 bit Build 22621 (10.0.22621.3958)
OS uptime: 0 days 22:11 hours
Hyper-V role detected

CPU: total 16 (initial active 16) (16 cores per cpu, 2 threads per core) family 25 model 80 stepping 0 microcode 0x0, cx8, cmov, fxsr, ht, mmx, 3dnowpref, sse, sse2, sse3, ssse3, sse4a, sse4.1, sse4.2, popcnt, lzcnt, tsc, tscinvbit, avx, avx2, aes, erms, clmul, bmi1, bmi2, adx, sha, fma, vzeroupper, clflush, clflushopt, hv
Processor Information for processor 0
  Max Mhz: 3201, Current Mhz: 3201, Mhz Limit: 3201
Processor Information for processor 1
  Max Mhz: 3201, Current Mhz: 3201, Mhz Limit: 3201
Processor Information for processor 2
  Max Mhz: 3201, Current Mhz: 3201, Mhz Limit: 3201
Processor Information for processor 3
  Max Mhz: 3201, Current Mhz: 1802, Mhz Limit: 3201
Processor Information for processor 4
  Max Mhz: 3201, Current Mhz: 3201, Mhz Limit: 3201
Processor Information for processor 5
  Max Mhz: 3201, Current Mhz: 3201, Mhz Limit: 3201
Processor Information for processor 6
  Max Mhz: 3201, Current Mhz: 3201, Mhz Limit: 3201
Processor Information for processor 7
  Max Mhz: 3201, Current Mhz: 3201, Mhz Limit: 3201
Processor Information for processor 8
  Max Mhz: 3201, Current Mhz: 3201, Mhz Limit: 3201
Processor Information for processor 9
  Max Mhz: 3201, Current Mhz: 3201, Mhz Limit: 3201
Processor Information for processor 10
  Max Mhz: 3201, Current Mhz: 3201, Mhz Limit: 3201
Processor Information for processor 11
  Max Mhz: 3201, Current Mhz: 3201, Mhz Limit: 3201
Processor Information for processor 12
  Max Mhz: 3201, Current Mhz: 3201, Mhz Limit: 3201
Processor Information for processor 13
  Max Mhz: 3201, Current Mhz: 3201, Mhz Limit: 3201
Processor Information for processor 14
  Max Mhz: 3201, Current Mhz: 3201, Mhz Limit: 3201
Processor Information for processor 15
  Max Mhz: 3201, Current Mhz: 3201, Mhz Limit: 3201

Memory: 4k page, system-wide physical 15791M (4643M free)
TotalPageFile size 64943M (AvailPageFile size 9M)
current process WorkingSet (physical memory assigned to process): 421M, peak: 421M
current process commit charge ("private bytes"): 466M, peak: 471M

vm_info: OpenJDK 64-Bit Server VM (17.0.12+7) for windows-amd64 JRE (17.0.12+7), built on Jul 16 2024 22:08:24 by "admin" with MS VC++ 16.10 / 16.11 (VS2019)

END.
